#
# There is insufficient memory for the Java Runtime Environment to continue.
# Native memory allocation (malloc) failed to allocate 547536 bytes for Chunk::new
# Possible reasons:
#   The system is out of physical RAM or swap space
#   The process is running with CompressedOops enabled, and the Java Heap may be blocking the growth of the native heap
# Possible solutions:
#   Reduce memory load on the system
#   Increase physical memory or swap space
#   Check if swap backing store is full
#   Decrease Java heap size (-Xmx/-Xms)
#   Decrease number of Java threads
#   Decrease Java thread stack sizes (-Xss)
#   Set larger code cache with -XX:ReservedCodeCacheSize=
#   JVM is running with Unscaled Compressed Oops mode in which the Java heap is
#     placed in the first 4GB address space. The Java Heap base address is the
#     maximum limit for the native heap growth. Please use -XX:HeapBaseMinAddress
#     to set the Java Heap base and to place the Java Heap above 4GB virtual address.
# This output file may be truncated or incomplete.
#
#  Out of Memory Error (arena.cpp:189), pid=13484, tid=13740
#
# JRE version: Java(TM) SE Runtime Environment (17.0.2+8) (build 17.0.2+8-LTS-86)
# Java VM: Java HotSpot(TM) 64-Bit Server VM (17.0.2+8-LTS-86, mixed mode, sharing, tiered, compressed oops, compressed class ptrs, g1 gc, windows-amd64)
# No core dump will be written. Minidumps are not enabled by default on client versions of Windows
#

---------------  S U M M A R Y ------------

Command Line: -javaagent:C:\Program Files\JetBrains\IntelliJ IDEA Community Edition 2021.2.3\lib\idea_rt.jar=57219:C:\Program Files\JetBrains\IntelliJ IDEA Community Edition 2021.2.3\bin -Dfile.encoding=UTF-8 com.SmsPollar.SmsPollarApplication

Host: AMD Ryzen 5 4600H with Radeon Graphics         , 12 cores, 7G,  Windows 11 , 64 bit Build 22621 (10.0.22621.2506)
Time: Wed Jan 10 01:32:43 2024 India Standard Time elapsed time: 18.436464 seconds (0d 0h 0m 18s)

---------------  T H R E A D  ---------------

Current thread (0x0000021c4485a4b0):  JavaThread "C2 CompilerThread0" daemon [_thread_in_native, id=13740, stack(0x000000f184700000,0x000000f184800000)]


Current CompileTask:
C2:  18436 5194       4       java.lang.String::split (327 bytes)

Stack: [0x000000f184700000,0x000000f184800000]
Native frames: (J=compiled Java code, j=interpreted, Vv=VM code, C=native code)
V  [jvm.dll+0x670baa]
V  [jvm.dll+0x7cfcb4]
V  [jvm.dll+0x7d145e]
V  [jvm.dll+0x7d1ac3]
V  [jvm.dll+0x242bc5]
V  [jvm.dll+0xaa57b]
V  [jvm.dll+0xaab0c]
V  [jvm.dll+0x35fcb2]
V  [jvm.dll+0x32a331]
V  [jvm.dll+0x3297da]
V  [jvm.dll+0x215c91]
V  [jvm.dll+0x2150b1]
V  [jvm.dll+0x1a1bbd]
V  [jvm.dll+0x224908]
V  [jvm.dll+0x222a6c]
V  [jvm.dll+0x7859bb]
V  [jvm.dll+0x77ff7a]
V  [jvm.dll+0x66fa35]
C  [ucrtbase.dll+0x29363]
C  [KERNEL32.DLL+0x1257d]
C  [ntdll.dll+0x5aa58]


---------------  P R O C E S S  ---------------

Threads class SMR info:
_java_thread_list=0x0000021c4ebf79e0, length=33, elements={
0x0000021c4481b780, 0x0000021c4481e460, 0x0000021c44841c10, 0x0000021c448448f0,
0x0000021c4484a2d0, 0x0000021c4484dca0, 0x0000021c4485a4b0, 0x0000021c448657c0,
0x0000021c44888160, 0x0000021c44a049b0, 0x0000021c44d3d940, 0x0000021c44d3de50,
0x0000021c4717eac0, 0x0000021c47185510, 0x0000021c47183bc0, 0x0000021c47181d60,
0x0000021c471836b0, 0x0000021c47180e30, 0x0000021c47182c90, 0x0000021c471831a0,
0x0000021c471840d0, 0x0000021c45d8d390, 0x0000021c45d8c460, 0x0000021c45d8c970,
0x0000021c45d8e2c0, 0x0000021c45d8bf50, 0x0000021c45d8e7d0, 0x0000021c45d8ce80,
0x0000021c45d8b020, 0x0000021c45d8d8a0, 0x0000021c45d8ddb0, 0x0000021c45d8b530,
0x0000021c47558330
}

Java Threads: ( => current thread )
  0x0000021c4481b780 JavaThread "Reference Handler" daemon [_thread_blocked, id=12812, stack(0x000000f184100000,0x000000f184200000)]
  0x0000021c4481e460 JavaThread "Finalizer" daemon [_thread_blocked, id=23392, stack(0x000000f184200000,0x000000f184300000)]
  0x0000021c44841c10 JavaThread "Signal Dispatcher" daemon [_thread_blocked, id=29560, stack(0x000000f184300000,0x000000f184400000)]
  0x0000021c448448f0 JavaThread "Attach Listener" daemon [_thread_blocked, id=2660, stack(0x000000f184400000,0x000000f184500000)]
  0x0000021c4484a2d0 JavaThread "Service Thread" daemon [_thread_blocked, id=20792, stack(0x000000f184500000,0x000000f184600000)]
  0x0000021c4484dca0 JavaThread "Monitor Deflation Thread" daemon [_thread_blocked, id=15532, stack(0x000000f184600000,0x000000f184700000)]
=>0x0000021c4485a4b0 JavaThread "C2 CompilerThread0" daemon [_thread_in_native, id=13740, stack(0x000000f184700000,0x000000f184800000)]
  0x0000021c448657c0 JavaThread "C1 CompilerThread0" daemon [_thread_blocked, id=13048, stack(0x000000f184800000,0x000000f184900000)]
  0x0000021c44888160 JavaThread "Sweeper thread" daemon [_thread_blocked, id=20808, stack(0x000000f184900000,0x000000f184a00000)]
  0x0000021c44a049b0 JavaThread "Common-Cleaner" daemon [_thread_blocked, id=24948, stack(0x000000f184a00000,0x000000f184b00000)]
  0x0000021c44d3d940 JavaThread "Monitor Ctrl-Break" daemon [_thread_in_native, id=10464, stack(0x000000f184c00000,0x000000f184d00000)]
  0x0000021c44d3de50 JavaThread "Notification Thread" daemon [_thread_blocked, id=25988, stack(0x000000f184d00000,0x000000f184e00000)]
  0x0000021c4717eac0 JavaThread "Catalina-utility-1" [_thread_blocked, id=23664, stack(0x000000f185a00000,0x000000f185b00000)]
  0x0000021c47185510 JavaThread "Catalina-utility-2" [_thread_blocked, id=30660, stack(0x000000f185b00000,0x000000f185c00000)]
  0x0000021c47183bc0 JavaThread "container-0" [_thread_blocked, id=26520, stack(0x000000f185c00000,0x000000f185d00000)]
  0x0000021c47181d60 JavaThread "mysql-cj-abandoned-connection-cleanup" daemon [_thread_blocked, id=15084, stack(0x000000f185d00000,0x000000f185e00000)]
  0x0000021c471836b0 JavaThread "HikariPool-1 housekeeper" daemon [_thread_blocked, id=17724, stack(0x000000f184b00000,0x000000f184c00000)]
  0x0000021c47180e30 JavaThread "HikariPool-1 connection adder" daemon [_thread_in_native, id=30684, stack(0x000000f186000000,0x000000f186100000)]
  0x0000021c47182c90 JavaThread "http-nio-8080-exec-1" daemon [_thread_blocked, id=27252, stack(0x000000f186100000,0x000000f186200000)]
  0x0000021c471831a0 JavaThread "http-nio-8080-exec-2" daemon [_thread_blocked, id=12604, stack(0x000000f186200000,0x000000f186300000)]
  0x0000021c471840d0 JavaThread "http-nio-8080-exec-3" daemon [_thread_blocked, id=18660, stack(0x000000f186300000,0x000000f186400000)]
  0x0000021c45d8d390 JavaThread "http-nio-8080-exec-4" daemon [_thread_blocked, id=25300, stack(0x000000f186400000,0x000000f186500000)]
  0x0000021c45d8c460 JavaThread "http-nio-8080-exec-5" daemon [_thread_blocked, id=8752, stack(0x000000f186500000,0x000000f186600000)]
  0x0000021c45d8c970 JavaThread "http-nio-8080-exec-6" daemon [_thread_blocked, id=30092, stack(0x000000f186600000,0x000000f186700000)]
  0x0000021c45d8e2c0 JavaThread "http-nio-8080-exec-7" daemon [_thread_blocked, id=18324, stack(0x000000f186700000,0x000000f186800000)]
  0x0000021c45d8bf50 JavaThread "http-nio-8080-exec-8" daemon [_thread_in_native, id=11672, stack(0x000000f186800000,0x000000f186900000)]
  0x0000021c45d8e7d0 JavaThread "http-nio-8080-exec-9" daemon [_thread_blocked, id=5048, stack(0x000000f186900000,0x000000f186a00000)]
  0x0000021c45d8ce80 JavaThread "http-nio-8080-exec-10" daemon [_thread_blocked, id=15972, stack(0x000000f186a00000,0x000000f186b00000)]
  0x0000021c45d8b020 JavaThread "http-nio-8080-Poller" daemon [_thread_in_native, id=11344, stack(0x000000f186b00000,0x000000f186c00000)]
  0x0000021c45d8d8a0 JavaThread "http-nio-8080-Acceptor" daemon [_thread_in_native, id=22364, stack(0x000000f186c00000,0x000000f186d00000)]
  0x0000021c45d8ddb0 JavaThread "scheduling-1" [_thread_in_native, id=19892, stack(0x000000f186d00000,0x000000f186e00000)]
  0x0000021c45d8b530 JavaThread "DestroyJavaVM" [_thread_blocked, id=9656, stack(0x000000f183a00000,0x000000f183b00000)]
  0x0000021c47558330 JavaThread "Keep-Alive-Timer" daemon [_thread_blocked, id=14132, stack(0x000000f186e00000,0x000000f186f00000)]

Other Threads:
  0x0000021c413eeb40 VMThread "VM Thread" [stack: 0x000000f184000000,0x000000f184100000] [id=16920]
  0x0000021c4494c4a0 WatcherThread [stack: 0x000000f184e00000,0x000000f184f00000] [id=1672]
  0x0000021c25a48f90 GCTaskThread "GC Thread#0" [stack: 0x000000f183b00000,0x000000f183c00000] [id=18448]
  0x0000021c45f369a0 GCTaskThread "GC Thread#1" [stack: 0x000000f184f00000,0x000000f185000000] [id=27540]
  0x0000021c45f36c90 GCTaskThread "GC Thread#2" [stack: 0x000000f185000000,0x000000f185100000] [id=29984]
  0x0000021c45f92840 GCTaskThread "GC Thread#3" [stack: 0x000000f185100000,0x000000f185200000] [id=10976]
  0x0000021c45f93340 GCTaskThread "GC Thread#4" [stack: 0x000000f185200000,0x000000f185300000] [id=9140]
  0x0000021c45f94240 GCTaskThread "GC Thread#5" [stack: 0x000000f185300000,0x000000f185400000] [id=28336]
  0x0000021c45f94530 GCTaskThread "GC Thread#6" [stack: 0x000000f185400000,0x000000f185500000] [id=17364]
  0x0000021c468e32c0 GCTaskThread "GC Thread#7" [stack: 0x000000f185600000,0x000000f185700000] [id=11528]
  0x0000021c468e2fd0 GCTaskThread "GC Thread#8" [stack: 0x000000f185700000,0x000000f185800000] [id=19108]
  0x0000021c468e38a0 GCTaskThread "GC Thread#9" [stack: 0x000000f185800000,0x000000f185900000] [id=12848]
  0x0000021c411fc040 ConcurrentGCThread "G1 Main Marker" [stack: 0x000000f183c00000,0x000000f183d00000] [id=26528]
  0x0000021c411fcb60 ConcurrentGCThread "G1 Conc#0" [stack: 0x000000f183d00000,0x000000f183e00000] [id=28444]
  0x0000021c4721a2f0 ConcurrentGCThread "G1 Conc#1" [stack: 0x000000f185500000,0x000000f185600000] [id=26976]
  0x0000021c4721a5e0 ConcurrentGCThread "G1 Conc#2" [stack: 0x000000f185900000,0x000000f185a00000] [id=9208]
  0x0000021c41295440 ConcurrentGCThread "G1 Refine#0" [stack: 0x000000f183e00000,0x000000f183f00000] [id=17052]
  0x0000021c41295f80 ConcurrentGCThread "G1 Service" [stack: 0x000000f183f00000,0x000000f184000000] [id=30136]

Threads with active compile tasks:
C2 CompilerThread0    18476 5194       4       java.lang.String::split (327 bytes)

VM state: not at safepoint (normal execution)

VM Mutex/Monitor currently owned by a thread: None

Heap address: 0x0000000082000000, size: 2016 MB, Compressed Oops mode: 32-bit

CDS archive(s) mapped at: [0x0000000800000000-0x0000000800bc0000-0x0000000800bc0000), size 12320768, SharedBaseAddress: 0x0000000800000000, ArchiveRelocationMode: 0.
Compressed class space mapped at: 0x0000000800c00000-0x0000000840c00000, reserved size: 1073741824
Narrow klass base: 0x0000000800000000, Narrow klass shift: 0, Narrow klass range: 0x100000000

GC Precious Log:
 CPUs: 12 total, 12 available
 Memory: 8061M
 Large Page Support: Disabled
 NUMA Support: Disabled
 Compressed Oops: Enabled (32-bit)
 Heap Region Size: 1M
 Heap Min Capacity: 8M
 Heap Initial Capacity: 126M
 Heap Max Capacity: 2016M
 Pre-touch: Disabled
 Parallel Workers: 10
 Concurrent Workers: 3
 Concurrent Refinement Workers: 10
 Periodic GC: Disabled

Heap:
 garbage-first heap   total 65536K, used 41456K [0x0000000082000000, 0x0000000100000000)
  region size 1024K, 22 young (22528K), 4 survivors (4096K)
 Metaspace       used 58485K, committed 58880K, reserved 1105920K
  class space    used 7753K, committed 7936K, reserved 1048576K

Heap Regions: E=young(eden), S=young(survivor), O=old, HS=humongous(starts), HC=humongous(continues), CS=collection set, F=free, OA=open archive, CA=closed archive, TAMS=top-at-mark-start (previous, next)
|   0|0x0000000082000000, 0x0000000082100000, 0x0000000082100000|100%|HS|  |TAMS 0x0000000082100000, 0x0000000082000000| Complete 
|   1|0x0000000082100000, 0x0000000082200000, 0x0000000082200000|100%| O|  |TAMS 0x0000000082200000, 0x0000000082100000| Untracked 
|   2|0x0000000082200000, 0x0000000082300000, 0x0000000082300000|100%| O|  |TAMS 0x0000000082300000, 0x0000000082200000| Untracked 
|   3|0x0000000082300000, 0x0000000082400000, 0x0000000082400000|100%| O|  |TAMS 0x0000000082400000, 0x0000000082300000| Untracked 
|   4|0x0000000082400000, 0x0000000082500000, 0x0000000082500000|100%| O|  |TAMS 0x0000000082500000, 0x0000000082400000| Untracked 
|   5|0x0000000082500000, 0x0000000082600000, 0x0000000082600000|100%| O|  |TAMS 0x0000000082600000, 0x0000000082500000| Untracked 
|   6|0x0000000082600000, 0x0000000082700000, 0x0000000082700000|100%| O|  |TAMS 0x0000000082700000, 0x0000000082600000| Untracked 
|   7|0x0000000082700000, 0x0000000082800000, 0x0000000082800000|100%| O|  |TAMS 0x0000000082700000, 0x0000000082700000| Untracked 
|   8|0x0000000082800000, 0x0000000082900000, 0x0000000082900000|100%| O|  |TAMS 0x0000000082900000, 0x0000000082800000| Untracked 
|   9|0x0000000082900000, 0x0000000082a00000, 0x0000000082a00000|100%| O|  |TAMS 0x0000000082a00000, 0x0000000082900000| Untracked 
|  10|0x0000000082a00000, 0x0000000082b00000, 0x0000000082b00000|100%| O|  |TAMS 0x0000000082b00000, 0x0000000082a00000| Untracked 
|  11|0x0000000082b00000, 0x0000000082c00000, 0x0000000082c00000|100%| O|  |TAMS 0x0000000082c00000, 0x0000000082b00000| Untracked 
|  12|0x0000000082c00000, 0x0000000082d00000, 0x0000000082d00000|100%| O|  |TAMS 0x0000000082d00000, 0x0000000082c00000| Untracked 
|  13|0x0000000082d00000, 0x0000000082e00000, 0x0000000082e00000|100%| O|  |TAMS 0x0000000082e00000, 0x0000000082d00000| Untracked 
|  14|0x0000000082e00000, 0x0000000082f00000, 0x0000000082f00000|100%| O|  |TAMS 0x0000000082f00000, 0x0000000082e00000| Untracked 
|  15|0x0000000082f00000, 0x0000000082f7c000, 0x0000000083000000| 48%| O|  |TAMS 0x0000000082f00000, 0x0000000082f00000| Untracked 
|  16|0x0000000083000000, 0x0000000083100000, 0x0000000083100000|100%| O|  |TAMS 0x0000000083000000, 0x0000000083000000| Untracked 
|  17|0x0000000083100000, 0x0000000083200000, 0x0000000083200000|100%| O|  |TAMS 0x0000000083100000, 0x0000000083100000| Untracked 
|  18|0x0000000083200000, 0x0000000083300000, 0x0000000083300000|100%| O|  |TAMS 0x0000000083200000, 0x0000000083200000| Untracked 
|  19|0x0000000083300000, 0x0000000083400000, 0x0000000083400000|100%| O|  |TAMS 0x0000000083300000, 0x0000000083300000| Untracked 
|  20|0x0000000083400000, 0x0000000083400000, 0x0000000083500000|  0%| F|  |TAMS 0x0000000083400000, 0x0000000083400000| Untracked 
|  21|0x0000000083500000, 0x0000000083500000, 0x0000000083600000|  0%| F|  |TAMS 0x0000000083500000, 0x0000000083500000| Untracked 
|  22|0x0000000083600000, 0x0000000083600000, 0x0000000083700000|  0%| F|  |TAMS 0x0000000083600000, 0x0000000083600000| Untracked 
|  23|0x0000000083700000, 0x0000000083700000, 0x0000000083800000|  0%| F|  |TAMS 0x0000000083700000, 0x0000000083700000| Untracked 
|  24|0x0000000083800000, 0x0000000083800000, 0x0000000083900000|  0%| F|  |TAMS 0x0000000083800000, 0x0000000083800000| Untracked 
|  25|0x0000000083900000, 0x0000000083900000, 0x0000000083a00000|  0%| F|  |TAMS 0x0000000083900000, 0x0000000083900000| Untracked 
|  26|0x0000000083a00000, 0x0000000083a00000, 0x0000000083b00000|  0%| F|  |TAMS 0x0000000083a00000, 0x0000000083a00000| Untracked 
|  27|0x0000000083b00000, 0x0000000083b00000, 0x0000000083c00000|  0%| F|  |TAMS 0x0000000083b00000, 0x0000000083b00000| Untracked 
|  28|0x0000000083c00000, 0x0000000083c00000, 0x0000000083d00000|  0%| F|  |TAMS 0x0000000083c00000, 0x0000000083c00000| Untracked 
|  29|0x0000000083d00000, 0x0000000083d00000, 0x0000000083e00000|  0%| F|  |TAMS 0x0000000083d00000, 0x0000000083d00000| Untracked 
|  30|0x0000000083e00000, 0x0000000083f00000, 0x0000000083f00000|100%| S|CS|TAMS 0x0000000083e00000, 0x0000000083e00000| Complete 
|  31|0x0000000083f00000, 0x0000000084000000, 0x0000000084000000|100%| S|CS|TAMS 0x0000000083f00000, 0x0000000083f00000| Complete 
|  32|0x0000000084000000, 0x0000000084100000, 0x0000000084100000|100%| S|CS|TAMS 0x0000000084000000, 0x0000000084000000| Complete 
|  33|0x0000000084100000, 0x0000000084100000, 0x0000000084200000|  0%| F|  |TAMS 0x0000000084100000, 0x0000000084100000| Untracked 
|  34|0x0000000084200000, 0x0000000084200000, 0x0000000084300000|  0%| F|  |TAMS 0x0000000084200000, 0x0000000084200000| Untracked 
|  35|0x0000000084300000, 0x0000000084400000, 0x0000000084400000|100%| S|CS|TAMS 0x0000000084300000, 0x0000000084300000| Complete 
|  36|0x0000000084400000, 0x0000000084400000, 0x0000000084500000|  0%| F|  |TAMS 0x0000000084400000, 0x0000000084400000| Untracked 
|  37|0x0000000084500000, 0x0000000084500000, 0x0000000084600000|  0%| F|  |TAMS 0x0000000084500000, 0x0000000084500000| Untracked 
|  38|0x0000000084600000, 0x0000000084600000, 0x0000000084700000|  0%| F|  |TAMS 0x0000000084600000, 0x0000000084600000| Untracked 
|  39|0x0000000084700000, 0x0000000084700000, 0x0000000084800000|  0%| F|  |TAMS 0x0000000084700000, 0x0000000084700000| Untracked 
|  40|0x0000000084800000, 0x0000000084800000, 0x0000000084900000|  0%| F|  |TAMS 0x0000000084800000, 0x0000000084800000| Untracked 
|  41|0x0000000084900000, 0x0000000084900000, 0x0000000084a00000|  0%| F|  |TAMS 0x0000000084900000, 0x0000000084900000| Untracked 
|  42|0x0000000084a00000, 0x0000000084a00000, 0x0000000084b00000|  0%| F|  |TAMS 0x0000000084a00000, 0x0000000084a00000| Untracked 
|  43|0x0000000084b00000, 0x0000000084b00000, 0x0000000084c00000|  0%| F|  |TAMS 0x0000000084b00000, 0x0000000084b00000| Untracked 
|  44|0x0000000084c00000, 0x0000000084c00000, 0x0000000084d00000|  0%| F|  |TAMS 0x0000000084c00000, 0x0000000084c00000| Untracked 
|  45|0x0000000084d00000, 0x0000000084d00000, 0x0000000084e00000|  0%| F|  |TAMS 0x0000000084d00000, 0x0000000084d00000| Untracked 
|  46|0x0000000084e00000, 0x0000000084efbb70, 0x0000000084f00000| 98%| E|  |TAMS 0x0000000084e00000, 0x0000000084e00000| Complete 
|  47|0x0000000084f00000, 0x0000000085000000, 0x0000000085000000|100%| E|CS|TAMS 0x0000000084f00000, 0x0000000084f00000| Complete 
|  48|0x0000000085000000, 0x0000000085100000, 0x0000000085100000|100%| E|CS|TAMS 0x0000000085000000, 0x0000000085000000| Complete 
|  49|0x0000000085100000, 0x0000000085200000, 0x0000000085200000|100%| E|CS|TAMS 0x0000000085100000, 0x0000000085100000| Complete 
|  50|0x0000000085200000, 0x0000000085300000, 0x0000000085300000|100%| E|CS|TAMS 0x0000000085200000, 0x0000000085200000| Complete 
|  51|0x0000000085300000, 0x0000000085400000, 0x0000000085400000|100%| E|CS|TAMS 0x0000000085300000, 0x0000000085300000| Complete 
|  52|0x0000000085400000, 0x0000000085500000, 0x0000000085500000|100%| E|CS|TAMS 0x0000000085400000, 0x0000000085400000| Complete 
|  53|0x0000000085500000, 0x0000000085600000, 0x0000000085600000|100%| E|CS|TAMS 0x0000000085500000, 0x0000000085500000| Complete 
|  54|0x0000000085600000, 0x0000000085700000, 0x0000000085700000|100%| E|CS|TAMS 0x0000000085600000, 0x0000000085600000| Complete 
|  55|0x0000000085700000, 0x0000000085800000, 0x0000000085800000|100%| E|CS|TAMS 0x0000000085700000, 0x0000000085700000| Complete 
|  56|0x0000000085800000, 0x0000000085900000, 0x0000000085900000|100%| E|CS|TAMS 0x0000000085800000, 0x0000000085800000| Complete 
|  57|0x0000000085900000, 0x0000000085a00000, 0x0000000085a00000|100%| E|CS|TAMS 0x0000000085900000, 0x0000000085900000| Complete 
|  58|0x0000000085a00000, 0x0000000085b00000, 0x0000000085b00000|100%| E|CS|TAMS 0x0000000085a00000, 0x0000000085a00000| Complete 
|  59|0x0000000085b00000, 0x0000000085c00000, 0x0000000085c00000|100%| E|CS|TAMS 0x0000000085b00000, 0x0000000085b00000| Complete 
|  71|0x0000000086700000, 0x0000000086800000, 0x0000000086800000|100%| E|CS|TAMS 0x0000000086700000, 0x0000000086700000| Complete 
|  72|0x0000000086800000, 0x0000000086900000, 0x0000000086900000|100%| E|CS|TAMS 0x0000000086800000, 0x0000000086800000| Complete 
|  73|0x0000000086900000, 0x0000000086a00000, 0x0000000086a00000|100%| E|CS|TAMS 0x0000000086900000, 0x0000000086900000| Complete 
| 125|0x0000000089d00000, 0x0000000089e00000, 0x0000000089e00000|100%| E|CS|TAMS 0x0000000089d00000, 0x0000000089d00000| Complete 

Card table byte_map: [0x0000021c3cb10000,0x0000021c3cf00000] _byte_map_base: 0x0000021c3c700000

Marking Bits (Prev, Next): (CMBitMap*) 0x0000021c25a49680, (CMBitMap*) 0x0000021c25a496c0
 Prev Bits: [0x0000021c3d2f0000, 0x0000021c3f270000)
 Next Bits: [0x0000021c3f270000, 0x0000021c411f0000)

Polling page: 0x0000021c236b0000

Metaspace:

Usage:
  Non-class:     49.54 MB used.
      Class:      7.57 MB used.
       Both:     57.11 MB used.

Virtual space:
  Non-class space:       56.00 MB reserved,      49.75 MB ( 89%) committed,  7 nodes.
      Class space:        1.00 GB reserved,       7.75 MB ( <1%) committed,  1 nodes.
             Both:        1.05 GB reserved,      57.50 MB (  5%) committed. 

Chunk freelists:
   Non-Class:  2.28 MB
       Class:  238.00 KB
        Both:  2.52 MB

MaxMetaspaceSize: unlimited
CompressedClassSpaceSize: 1.00 GB
Initial GC threshold: 21.00 MB
Current GC threshold: 59.19 MB
CDS: on
MetaspaceReclaimPolicy: balanced
 - commit_granule_bytes: 65536.
 - commit_granule_words: 8192.
 - virtual_space_node_default_size: 1048576.
 - enlarge_chunks_in_place: 1.
 - new_chunks_are_fully_committed: 0.
 - uncommit_free_chunks: 1.
 - use_allocation_guard: 0.
 - handle_deallocations: 1.


Internal statistics:

num_allocs_failed_limit: 6.
num_arena_births: 352.
num_arena_deaths: 0.
num_vsnodes_births: 8.
num_vsnodes_deaths: 0.
num_space_committed: 920.
num_space_uncommitted: 0.
num_chunks_returned_to_freelist: 6.
num_chunks_taken_from_freelist: 2316.
num_chunk_merges: 3.
num_chunk_splits: 1703.
num_chunks_enlarged: 1400.
num_purges: 0.
num_inconsistent_stats: 0.

CodeHeap 'non-profiled nmethods': size=120000Kb used=2639Kb max_used=2818Kb free=117360Kb
 bounds [0x0000021c34ca0000, 0x0000021c34f90000, 0x0000021c3c1d0000]
CodeHeap 'profiled nmethods': size=120000Kb used=8859Kb max_used=10069Kb free=111140Kb
 bounds [0x0000021c2d770000, 0x0000021c2e150000, 0x0000021c34ca0000]
CodeHeap 'non-nmethods': size=5760Kb used=1327Kb max_used=1373Kb free=4432Kb
 bounds [0x0000021c2d1d0000, 0x0000021c2d440000, 0x0000021c2d770000]
 total_blobs=5091 nmethods=4435 adapters=568
 compilation: enabled
              stopped_count=0, restarted_count=0
 full_count=0

Compilation events (20 events):
Event: 18.416 Thread 0x0000021c448657c0 5191       3       sun.security.jca.ProviderList::getService (120 bytes)
Event: 18.417 Thread 0x0000021c448657c0 nmethod 5191 0x0000021c2d866590 code [0x0000021c2d866840, 0x0000021c2d8676c8]
Event: 18.417 Thread 0x0000021c448657c0 5192       3       sun.security.provider.SHA2::resetHashes (19 bytes)
Event: 18.417 Thread 0x0000021c448657c0 nmethod 5192 0x0000021c2d866190 code [0x0000021c2d866340, 0x0000021c2d8664e8]
Event: 18.417 Thread 0x0000021c448657c0 5190   !   3       sun.security.jca.GetInstance::getInstance (130 bytes)
Event: 18.417 Thread 0x0000021c4485a4b0 nmethod 5189 0x0000021c34d64b90 code [0x0000021c34d64d20, 0x0000021c34d64eb8]
Event: 18.417 Thread 0x0000021c4485a4b0 5194       4       java.lang.String::split (327 bytes)
Event: 18.417 Thread 0x0000021c448657c0 nmethod 5190 0x0000021c2d8c0910 code [0x0000021c2d8c0c40, 0x0000021c2d8c1dd8]
Event: 18.417 Thread 0x0000021c448657c0 5193       3       java.util.ArrayList$ArrayListSpliterator::estimateSize (11 bytes)
Event: 18.418 Thread 0x0000021c448657c0 nmethod 5193 0x0000021c2d8c0510 code [0x0000021c2d8c06a0, 0x0000021c2d8c0858]
Event: 18.418 Thread 0x0000021c448657c0 5198       3       sun.security.util.math.intpoly.IntegerPolynomial$ImmutableElement::<init> (12 bytes)
Event: 18.418 Thread 0x0000021c448657c0 nmethod 5198 0x0000021c2de92810 code [0x0000021c2de929c0, 0x0000021c2de92b48]
Event: 18.418 Thread 0x0000021c448657c0 5199       3       sun.security.util.math.intpoly.IntegerPolynomial$Element::<init> (40 bytes)
Event: 18.419 Thread 0x0000021c448657c0 nmethod 5199 0x0000021c2de92210 code [0x0000021c2de923c0, 0x0000021c2de92718]
Event: 18.419 Thread 0x0000021c448657c0 5200       3       sun.security.ec.ECOperations::setSum (681 bytes)
Event: 18.421 Thread 0x0000021c448657c0 nmethod 5200 0x0000021c2d7ef910 code [0x0000021c2d7f02a0, 0x0000021c2d7f6978]
Event: 18.421 Thread 0x0000021c448657c0 5202       3       sun.security.ssl.HandshakeOutStream::checkOverflow (42 bytes)
Event: 18.422 Thread 0x0000021c448657c0 nmethod 5202 0x0000021c2d924910 code [0x0000021c2d924b60, 0x0000021c2d9252f8]
Event: 18.422 Thread 0x0000021c448657c0 5201       3       java.math.BigInteger::shiftLeft (48 bytes)
Event: 18.422 Thread 0x0000021c448657c0 nmethod 5201 0x0000021c2d924290 code [0x0000021c2d924460, 0x0000021c2d9247c8]

GC Heap History (20 events):
Event: 1.152 GC heap before
{Heap before GC invocations=1 (full 0):
 garbage-first heap   total 129024K, used 32848K [0x0000000082000000, 0x0000000100000000)
  region size 1024K, 28 young (28672K), 3 survivors (3072K)
 Metaspace       used 13395K, committed 13632K, reserved 1064960K
  class space    used 1637K, committed 1728K, reserved 1048576K
}
Event: 1.158 GC heap after
{Heap after GC invocations=2 (full 0):
 garbage-first heap   total 129024K, used 9203K [0x0000000082000000, 0x0000000100000000)
  region size 1024K, 2 young (2048K), 2 survivors (2048K)
 Metaspace       used 13395K, committed 13632K, reserved 1064960K
  class space    used 1637K, committed 1728K, reserved 1048576K
}
Event: 2.216 GC heap before
{Heap before GC invocations=2 (full 0):
 garbage-first heap   total 129024K, used 57331K [0x0000000082000000, 0x0000000100000000)
  region size 1024K, 50 young (51200K), 2 survivors (2048K)
 Metaspace       used 21282K, committed 21504K, reserved 1073152K
  class space    used 2668K, committed 2816K, reserved 1048576K
}
Event: 2.223 GC heap after
{Heap after GC invocations=3 (full 0):
 garbage-first heap   total 129024K, used 12519K [0x0000000082000000, 0x0000000100000000)
  region size 1024K, 5 young (5120K), 5 survivors (5120K)
 Metaspace       used 21282K, committed 21504K, reserved 1073152K
  class space    used 2668K, committed 2816K, reserved 1048576K
}
Event: 2.785 GC heap before
{Heap before GC invocations=4 (full 0):
 garbage-first heap   total 48128K, used 36071K [0x0000000082000000, 0x0000000100000000)
  region size 1024K, 28 young (28672K), 5 survivors (5120K)
 Metaspace       used 26529K, committed 26816K, reserved 1073152K
  class space    used 3339K, committed 3456K, reserved 1048576K
}
Event: 2.797 GC heap after
{Heap after GC invocations=5 (full 0):
 garbage-first heap   total 48128K, used 15212K [0x0000000082000000, 0x0000000100000000)
  region size 1024K, 3 young (3072K), 3 survivors (3072K)
 Metaspace       used 26529K, committed 26816K, reserved 1073152K
  class space    used 3339K, committed 3456K, reserved 1048576K
}
Event: 2.828 GC heap before
{Heap before GC invocations=5 (full 0):
 garbage-first heap   total 48128K, used 16236K [0x0000000082000000, 0x0000000100000000)
  region size 1024K, 4 young (4096K), 3 survivors (3072K)
 Metaspace       used 26821K, committed 27136K, reserved 1073152K
  class space    used 3380K, committed 3520K, reserved 1048576K
}
Event: 2.831 GC heap after
{Heap after GC invocations=6 (full 0):
 garbage-first heap   total 48128K, used 15672K [0x0000000082000000, 0x0000000100000000)
  region size 1024K, 1 young (1024K), 1 survivors (1024K)
 Metaspace       used 26821K, committed 27136K, reserved 1073152K
  class space    used 3380K, committed 3520K, reserved 1048576K
}
Event: 3.277 GC heap before
{Heap before GC invocations=6 (full 0):
 garbage-first heap   total 48128K, used 34104K [0x0000000082000000, 0x0000000100000000)
  region size 1024K, 19 young (19456K), 1 survivors (1024K)
 Metaspace       used 30803K, committed 31104K, reserved 1081344K
  class space    used 3977K, committed 4096K, reserved 1048576K
}
Event: 3.279 GC heap after
{Heap after GC invocations=7 (full 0):
 garbage-first heap   total 67584K, used 16172K [0x0000000082000000, 0x0000000100000000)
  region size 1024K, 2 young (2048K), 2 survivors (2048K)
 Metaspace       used 30803K, committed 31104K, reserved 1081344K
  class space    used 3977K, committed 4096K, reserved 1048576K
}
Event: 4.281 GC heap before
{Heap before GC invocations=7 (full 0):
 garbage-first heap   total 67584K, used 30508K [0x0000000082000000, 0x0000000100000000)
  region size 1024K, 17 young (17408K), 2 survivors (2048K)
 Metaspace       used 35831K, committed 36096K, reserved 1081344K
  class space    used 4690K, committed 4800K, reserved 1048576K
}
Event: 4.284 GC heap after
{Heap after GC invocations=8 (full 0):
 garbage-first heap   total 67584K, used 17633K [0x0000000082000000, 0x0000000100000000)
  region size 1024K, 3 young (3072K), 3 survivors (3072K)
 Metaspace       used 35831K, committed 36096K, reserved 1081344K
  class space    used 4690K, committed 4800K, reserved 1048576K
}
Event: 7.255 GC heap before
{Heap before GC invocations=9 (full 0):
 garbage-first heap   total 65536K, used 48353K [0x0000000082000000, 0x0000000100000000)
  region size 1024K, 33 young (33792K), 3 survivors (3072K)
 Metaspace       used 46069K, committed 46336K, reserved 1089536K
  class space    used 6157K, committed 6272K, reserved 1048576K
}
Event: 7.259 GC heap after
{Heap after GC invocations=10 (full 0):
 garbage-first heap   total 65536K, used 19548K [0x0000000082000000, 0x0000000100000000)
  region size 1024K, 5 young (5120K), 5 survivors (5120K)
 Metaspace       used 46069K, committed 46336K, reserved 1089536K
  class space    used 6157K, committed 6272K, reserved 1048576K
}
Event: 7.285 GC heap before
{Heap before GC invocations=10 (full 0):
 garbage-first heap   total 65536K, used 20572K [0x0000000082000000, 0x0000000100000000)
  region size 1024K, 6 young (6144K), 5 survivors (5120K)
 Metaspace       used 46308K, committed 46656K, reserved 1089536K
  class space    used 6196K, committed 6336K, reserved 1048576K
}
Event: 7.289 GC heap after
{Heap after GC invocations=11 (full 0):
 garbage-first heap   total 65536K, used 19804K [0x0000000082000000, 0x0000000100000000)
  region size 1024K, 1 young (1024K), 1 survivors (1024K)
 Metaspace       used 46308K, committed 46656K, reserved 1089536K
  class space    used 6196K, committed 6336K, reserved 1048576K
}
Event: 10.735 GC heap before
{Heap before GC invocations=11 (full 0):
 garbage-first heap   total 65536K, used 48476K [0x0000000082000000, 0x0000000100000000)
  region size 1024K, 29 young (29696K), 1 survivors (1024K)
 Metaspace       used 50896K, committed 51200K, reserved 1097728K
  class space    used 6821K, committed 6976K, reserved 1048576K
}
Event: 10.738 GC heap after
{Heap after GC invocations=12 (full 0):
 garbage-first heap   total 65536K, used 21154K [0x0000000082000000, 0x0000000100000000)
  region size 1024K, 2 young (2048K), 2 survivors (2048K)
 Metaspace       used 50896K, committed 51200K, reserved 1097728K
  class space    used 6821K, committed 6976K, reserved 1048576K
}
Event: 11.244 GC heap before
{Heap before GC invocations=12 (full 0):
 garbage-first heap   total 65536K, used 49826K [0x0000000082000000, 0x0000000100000000)
  region size 1024K, 30 young (30720K), 2 survivors (2048K)
 Metaspace       used 54298K, committed 54592K, reserved 1097728K
  class space    used 7281K, committed 7424K, reserved 1048576K
}
Event: 11.249 GC heap after
{Heap after GC invocations=13 (full 0):
 garbage-first heap   total 65536K, used 24048K [0x0000000082000000, 0x0000000100000000)
  region size 1024K, 4 young (4096K), 4 survivors (4096K)
 Metaspace       used 54298K, committed 54592K, reserved 1097728K
  class space    used 7281K, committed 7424K, reserved 1048576K
}

Deoptimization events (20 events):
Event: 11.396 Thread 0x0000021c47182c90 Uncommon trap: trap_request=0xffffffde fr.pc=0x0000021c34f65250 relative=0x0000000000003df0
Event: 11.396 Thread 0x0000021c47182c90 Uncommon trap: reason=class_check action=maybe_recompile pc=0x0000021c34f65250 method=org.springframework.core.annotation.AnnotationsScanner.processMethodHierarchy(Ljava/lang/Object;[ILjava/lang/Class;Lorg/springframework/core/annotation/AnnotationsProces
Event: 11.396 Thread 0x0000021c47182c90 DEOPT PACKING pc=0x0000021c34f65250 sp=0x000000f1861fcf70
Event: 11.396 Thread 0x0000021c47182c90 DEOPT UNPACKING pc=0x0000021c2d2223a3 sp=0x000000f1861fd008 mode 2
Event: 11.480 Thread 0x0000021c47182c90 Uncommon trap: trap_request=0xffffff45 fr.pc=0x0000021c34f26c9c relative=0x00000000000002fc
Event: 11.480 Thread 0x0000021c47182c90 Uncommon trap: reason=unstable_if action=reinterpret pc=0x0000021c34f26c9c method=java.util.regex.Matcher.search(I)Z @ 76 c2
Event: 11.480 Thread 0x0000021c47182c90 DEOPT PACKING pc=0x0000021c34f26c9c sp=0x000000f1861f9f50
Event: 11.480 Thread 0x0000021c47182c90 DEOPT UNPACKING pc=0x0000021c2d2223a3 sp=0x000000f1861f9ef0 mode 2
Event: 12.077 Thread 0x0000021c47182c90 Uncommon trap: trap_request=0xffffff45 fr.pc=0x0000021c34cf2884 relative=0x0000000000000084
Event: 12.077 Thread 0x0000021c47182c90 Uncommon trap: reason=unstable_if action=reinterpret pc=0x0000021c34cf2884 method=java.lang.CharacterDataLatin1.isWhitespace(I)Z @ 14 c2
Event: 12.077 Thread 0x0000021c47182c90 DEOPT PACKING pc=0x0000021c34cf2884 sp=0x000000f1861fd370
Event: 12.077 Thread 0x0000021c47182c90 DEOPT UNPACKING pc=0x0000021c2d2223a3 sp=0x000000f1861fd2e0 mode 2
Event: 14.259 Thread 0x0000021c47180e30 DEOPT PACKING pc=0x0000021c2dfdb7d5 sp=0x000000f1860fdf60
Event: 14.259 Thread 0x0000021c47180e30 DEOPT UNPACKING pc=0x0000021c2d222b43 sp=0x000000f1860fd3e8 mode 0
Event: 14.260 Thread 0x0000021c47180e30 Uncommon trap: trap_request=0xffffffcc fr.pc=0x0000021c34d4a57c relative=0x000000000000307c
Event: 14.260 Thread 0x0000021c47180e30 Uncommon trap: reason=intrinsic_or_type_checked_inlining action=make_not_entrant pc=0x0000021c34d4a57c method=java.util.ArrayList$SubList.toArray([Ljava/lang/Object;)[Ljava/lang/Object; @ 58 c2
Event: 14.260 Thread 0x0000021c47180e30 DEOPT PACKING pc=0x0000021c34d4a57c sp=0x000000f1860fdfe0
Event: 14.260 Thread 0x0000021c47180e30 DEOPT UNPACKING pc=0x0000021c2d2223a3 sp=0x000000f1860fdf60 mode 2
Event: 14.263 Thread 0x0000021c47180e30 DEOPT PACKING pc=0x0000021c2dfdb7d5 sp=0x000000f1860fe170
Event: 14.263 Thread 0x0000021c47180e30 DEOPT UNPACKING pc=0x0000021c2d222b43 sp=0x000000f1860fd5f8 mode 0

Classes unloaded (0 events):
No events

Classes redefined (0 events):
No events

Internal exceptions (20 events):
Event: 10.741 Thread 0x0000021c259f6850 Exception <a 'java/lang/IncompatibleClassChangeError'{0x0000000089d13868}: Found class java.lang.Object, but interface was expected> (0x0000000089d13868) 
thrown [t:\workspace\open\src\hotspot\share\interpreter\linkResolver.cpp, line 833]
Event: 10.787 Thread 0x0000021c259f6850 Exception <a 'java/lang/reflect/InvocationTargetException'{0x00000000869aba60}> (0x00000000869aba60) 
thrown [t:\workspace\open\src\hotspot\share\runtime\reflection.cpp, line 1121]
Event: 10.885 Thread 0x0000021c259f6850 Exception <a 'java/lang/ClassNotFoundException'{0x0000000085958898}: java/lang/ObjectCustomizer> (0x0000000085958898) 
thrown [t:\workspace\open\src\hotspot\share\classfile\systemDictionary.cpp, line 256]
Event: 10.885 Thread 0x0000021c259f6850 Exception <a 'java/lang/ClassNotFoundException'{0x000000008595f538}: org/springframework/web/servlet/config/annotation/WebMvcConfigurationSupportCustomizer> (0x000000008595f538) 
thrown [t:\workspace\open\src\hotspot\share\classfile\systemDictionary.cpp, line 256]
Event: 10.886 Thread 0x0000021c259f6850 Exception <a 'java/lang/ClassNotFoundException'{0x0000000085972590}: org/springframework/web/servlet/config/annotation/DelegatingWebMvcConfigurationCustomizer> (0x0000000085972590) 
thrown [t:\workspace\open\src\hotspot\share\classfile\systemDictionary.cpp, line 256]
Event: 10.887 Thread 0x0000021c259f6850 Exception <a 'java/lang/ClassNotFoundException'{0x000000008597a730}: org/springframework/boot/autoconfigure/web/servlet/WebMvcAutoConfiguration$EnableWebMvcConfigurationCustomizer> (0x000000008597a730) 
thrown [t:\workspace\open\src\hotspot\share\classfile\systemDictionary.cpp, line 256]
Event: 10.888 Thread 0x0000021c259f6850 Exception <a 'java/lang/ClassNotFoundException'{0x000000008598c9b8}: org/springframework/context/ResourceLoaderAwareCustomizer> (0x000000008598c9b8) 
thrown [t:\workspace\open\src\hotspot\share\classfile\systemDictionary.cpp, line 256]
Event: 10.888 Thread 0x0000021c259f6850 Exception <a 'java/lang/ClassNotFoundException'{0x0000000085990df0}: org/springframework/beans/factory/AwareCustomizer> (0x0000000085990df0) 
thrown [t:\workspace\open\src\hotspot\share\classfile\systemDictionary.cpp, line 256]
Event: 10.889 Thread 0x0000021c259f6850 Exception <a 'java/lang/ClassNotFoundException'{0x0000000085994228}: org/springframework/context/ApplicationContextAwareCustomizer> (0x0000000085994228) 
thrown [t:\workspace\open\src\hotspot\share\classfile\systemDictionary.cpp, line 256]
Event: 10.889 Thread 0x0000021c259f6850 Exception <a 'java/lang/ClassNotFoundException'{0x0000000085998d30}: org/springframework/beans/factory/AwareCustomizer> (0x0000000085998d30) 
thrown [t:\workspace\open\src\hotspot\share\classfile\systemDictionary.cpp, line 256]
Event: 10.889 Thread 0x0000021c259f6850 Exception <a 'java/lang/ClassNotFoundException'{0x000000008599c140}: org/springframework/web/context/ServletContextAwareCustomizer> (0x000000008599c140) 
thrown [t:\workspace\open\src\hotspot\share\classfile\systemDictionary.cpp, line 256]
Event: 10.889 Thread 0x0000021c259f6850 Exception <a 'java/lang/ClassNotFoundException'{0x00000000859a0590}: org/springframework/beans/factory/AwareCustomizer> (0x00000000859a0590) 
thrown [t:\workspace\open\src\hotspot\share\classfile\systemDictionary.cpp, line 256]
Event: 11.004 Thread 0x0000021c259f6850 Exception <a 'java/lang/NoSuchMethodError'{0x000000008528f3c8}: 'void java.lang.invoke.DirectMethodHandle$Holder.invokeVirtual(java.lang.Object, java.lang.Object, int)'> (0x000000008528f3c8) 
thrown [t:\workspace\open\src\hotspot\share\interpreter\linkResolver.cpp, line 766]
Event: 11.005 Thread 0x0000021c259f6850 Exception <a 'java/lang/NoSuchMethodError'{0x00000000852a9f70}: 'void java.lang.invoke.DirectMethodHandle$Holder.invokeVirtual(java.lang.Object, java.lang.Object, long)'> (0x00000000852a9f70) 
thrown [t:\workspace\open\src\hotspot\share\interpreter\linkResolver.cpp, line 766]
Event: 11.117 Thread 0x0000021c259f6850 Exception <a 'java/lang/IncompatibleClassChangeError'{0x0000000084b10780}: Found class java.lang.Object, but interface was expected> (0x0000000084b10780) 
thrown [t:\workspace\open\src\hotspot\share\interpreter\linkResolver.cpp, line 833]
Event: 11.180 Thread 0x0000021c259f6850 Implicit null exception at 0x0000021c34db203a to 0x0000021c34db2230
Event: 11.230 Thread 0x0000021c259f6850 Exception <a 'java/lang/NoSuchMethodError'{0x00000000845a0500}: 'java.lang.Object java.lang.invoke.DirectMethodHandle$Holder.invokeSpecial(java.lang.Object, java.lang.Object, int, java.lang.Object, int, java.lang.Object)'> (0x00000000845a0500) 
thrown [t:\workspace\open\src\hotspot\share\interpreter\linkResolver.cpp, line 766]
Event: 11.231 Thread 0x0000021c259f6850 Exception <a 'java/lang/NoSuchMethodError'{0x00000000845a8300}: 'java.lang.Object java.lang.invoke.DirectMethodHandle$Holder.newInvokeSpecial(java.lang.Object, java.lang.Object, int, java.lang.Object, int)'> (0x00000000845a8300) 
thrown [t:\workspace\open\src\hotspot\share\interpreter\linkResolver.cpp, line 766]
Event: 11.232 Thread 0x0000021c259f6850 Exception <a 'java/lang/NoSuchMethodError'{0x00000000845ac400}: 'java.lang.Object java.lang.invoke.DirectMethodHandle$Holder.invokeSpecial(java.lang.Object, java.lang.Object, java.lang.Object, int, java.lang.Object, int)'> (0x00000000845ac400) 
thrown [t:\workspace\open\src\hotspot\share\interpreter\linkResolver.cpp, line 766]
Event: 11.233 Thread 0x0000021c259f6850 Exception <a 'java/lang/NoSuchMethodError'{0x00000000845b62f8}: 'void java.lang.invoke.DirectMethodHandle$Holder.invokeVirtual(java.lang.Object, java.lang.Object)'> (0x00000000845b62f8) 
thrown [t:\workspace\open\src\hotspot\share\interpreter\linkResolver.cpp, line 766]

VM Operations (20 events):
Event: 11.358 Executing VM operation: HandshakeAllThreads
Event: 11.358 Executing VM operation: HandshakeAllThreads done
Event: 11.380 Executing VM operation: HandshakeAllThreads
Event: 11.380 Executing VM operation: HandshakeAllThreads done
Event: 11.401 Executing VM operation: HandshakeAllThreads
Event: 11.401 Executing VM operation: HandshakeAllThreads done
Event: 12.074 Executing VM operation: HandshakeAllThreads
Event: 12.074 Executing VM operation: HandshakeAllThreads done
Event: 13.080 Executing VM operation: Cleanup
Event: 13.080 Executing VM operation: Cleanup done
Event: 14.090 Executing VM operation: Cleanup
Event: 14.090 Executing VM operation: Cleanup done
Event: 15.100 Executing VM operation: Cleanup
Event: 15.100 Executing VM operation: Cleanup done
Event: 16.106 Executing VM operation: Cleanup
Event: 16.107 Executing VM operation: Cleanup done
Event: 17.118 Executing VM operation: Cleanup
Event: 17.118 Executing VM operation: Cleanup done
Event: 18.131 Executing VM operation: Cleanup
Event: 18.132 Executing VM operation: Cleanup done

Events (20 events):
Event: 12.096 loading class sun/net/www/http/ChunkedInputStream
Event: 12.096 loading class sun/net/www/http/Hurryable
Event: 12.096 loading class sun/net/www/http/Hurryable done
Event: 12.096 loading class sun/net/www/http/ChunkedInputStream done
Event: 12.096 loading class sun/net/www/protocol/http/HttpURLConnection$HttpInputStream
Event: 12.096 loading class sun/net/www/protocol/http/HttpURLConnection$HttpInputStream done
Event: 12.098 loading class sun/net/www/http/KeepAliveCache$1
Event: 12.098 loading class sun/net/www/http/KeepAliveCache$1 done
Event: 12.098 Thread 0x0000021c47558330 Thread added: 0x0000021c47558330
Event: 12.098 loading class sun/net/www/http/ClientVector
Event: 12.098 loading class sun/net/www/http/ClientVector done
Event: 12.098 loading class sun/net/www/http/KeepAliveEntry
Event: 12.098 loading class sun/net/www/http/KeepAliveEntry done
Event: 12.289 Thread 0x0000021c4ab0cab0 Thread exited: 0x0000021c4ab0cab0
Event: 14.012 Thread 0x0000021c4ab09040 Thread added: 0x0000021c4ab09040
Event: 14.258 Thread 0x0000021c4ab09040 Thread exited: 0x0000021c4ab09040
Event: 15.721 loading class jdk/internal/access/foreign/MemorySegmentProxy
Event: 15.722 loading class jdk/internal/access/foreign/MemorySegmentProxy done
Event: 16.460 Thread 0x0000021c4ab0a580 Thread added: 0x0000021c4ab0a580
Event: 16.950 Thread 0x0000021c4ab0a580 Thread exited: 0x0000021c4ab0a580


Dynamic libraries:
0x00007ff79e140000 - 0x00007ff79e150000 	C:\Program Files\Java\jdk-17.0.2\bin\java.exe
0x00007ffbf0a70000 - 0x00007ffbf0c87000 	C:\WINDOWS\SYSTEM32\ntdll.dll
0x00007ffbeedd0000 - 0x00007ffbeee94000 	C:\WINDOWS\System32\KERNEL32.DLL
0x00007ffbee360000 - 0x00007ffbee706000 	C:\WINDOWS\System32\KERNELBASE.dll
0x00007ffbead90000 - 0x00007ffbeae27000 	C:\WINDOWS\SYSTEM32\apphelp.dll
0x00007ffba99a0000 - 0x00007ffba9e4a000 	C:\WINDOWS\SYSTEM32\AcLayers.DLL
0x00007ffbefec0000 - 0x00007ffbeff67000 	C:\WINDOWS\System32\msvcrt.dll
0x00007ffbf0970000 - 0x00007ffbf09ce000 	C:\WINDOWS\System32\SHLWAPI.dll
0x00007ffbbd120000 - 0x00007ffbbd134000 	C:\WINDOWS\SYSTEM32\SortWindows61.dll
0x00007ffbede80000 - 0x00007ffbedf91000 	C:\WINDOWS\System32\ucrtbase.dll
0x00007ffbbed50000 - 0x00007ffbbed6a000 	C:\Program Files\Java\jdk-17.0.2\bin\VCRUNTIME140.dll
0x00007ffbc6720000 - 0x00007ffbc6738000 	C:\Program Files\Java\jdk-17.0.2\bin\jli.dll
0x00007ffbeebd0000 - 0x00007ffbeec81000 	C:\WINDOWS\System32\ADVAPI32.dll
0x00007ffbef9d0000 - 0x00007ffbefa75000 	C:\WINDOWS\System32\sechost.dll
0x00007ffbefc30000 - 0x00007ffbefd47000 	C:\WINDOWS\System32\RPCRT4.dll
0x00007ffbef230000 - 0x00007ffbef3de000 	C:\WINDOWS\System32\USER32.dll
0x00007ffbcc290000 - 0x00007ffbcc523000 	C:\WINDOWS\WinSxS\amd64_microsoft.windows.common-controls_6595b64144ccf1df_6.0.22621.2506_none_270c5ae97388e100\COMCTL32.dll
0x00007ffbee710000 - 0x00007ffbee736000 	C:\WINDOWS\System32\win32u.dll
0x00007ffbeeba0000 - 0x00007ffbeebc9000 	C:\WINDOWS\System32\GDI32.dll
0x00007ffbee240000 - 0x00007ffbee358000 	C:\WINDOWS\System32\gdi32full.dll
0x00007ffbedde0000 - 0x00007ffbede7a000 	C:\WINDOWS\System32\msvcp_win.dll
0x00007ffbe5cc0000 - 0x00007ffbe5cca000 	C:\WINDOWS\SYSTEM32\VERSION.dll
0x00007ffbeed90000 - 0x00007ffbeedc1000 	C:\WINDOWS\System32\IMM32.DLL
0x00007ffbea990000 - 0x00007ffbea99c000 	C:\Program Files\Java\jdk-17.0.2\bin\vcruntime140_1.dll
0x00007ffba9530000 - 0x00007ffba95bd000 	C:\Program Files\Java\jdk-17.0.2\bin\msvcp140.dll
0x00007ffb63cb0000 - 0x00007ffb64871000 	C:\Program Files\Java\jdk-17.0.2\bin\server\jvm.dll
0x00007ffbef9c0000 - 0x00007ffbef9c8000 	C:\WINDOWS\System32\PSAPI.DLL
0x00007ffbe66f0000 - 0x00007ffbe6724000 	C:\WINDOWS\SYSTEM32\WINMM.dll
0x00007ffbc6610000 - 0x00007ffbc6619000 	C:\WINDOWS\SYSTEM32\WSOCK32.dll
0x00007ffbefbb0000 - 0x00007ffbefc21000 	C:\WINDOWS\System32\WS2_32.dll
0x00007ffbecd40000 - 0x00007ffbecd58000 	C:\WINDOWS\SYSTEM32\kernel.appcore.dll
0x00007ffbe85a0000 - 0x00007ffbe85aa000 	C:\Program Files\Java\jdk-17.0.2\bin\jimage.dll
0x00007ffbeb710000 - 0x00007ffbeb943000 	C:\WINDOWS\SYSTEM32\DBGHELP.DLL
0x00007ffbeeea0000 - 0x00007ffbef229000 	C:\WINDOWS\System32\combase.dll
0x00007ffbef3e0000 - 0x00007ffbef4b7000 	C:\WINDOWS\System32\OLEAUT32.dll
0x00007ffbdbd10000 - 0x00007ffbdbd42000 	C:\WINDOWS\SYSTEM32\dbgcore.DLL
0x00007ffbee740000 - 0x00007ffbee7ba000 	C:\WINDOWS\System32\bcryptPrimitives.dll
0x00007ffbd4d90000 - 0x00007ffbd4d9e000 	C:\Program Files\Java\jdk-17.0.2\bin\instrument.dll
0x00007ffbbe1c0000 - 0x00007ffbbe1e5000 	C:\Program Files\Java\jdk-17.0.2\bin\java.dll
0x00007ffba8290000 - 0x00007ffba8366000 	C:\Program Files\Java\jdk-17.0.2\bin\jsvml.dll
0x00007ffbeff70000 - 0x00007ffbf07ca000 	C:\WINDOWS\System32\SHELL32.dll
0x00007ffbebcb0000 - 0x00007ffbec5a6000 	C:\WINDOWS\SYSTEM32\windows.storage.dll
0x00007ffbebb70000 - 0x00007ffbebcae000 	C:\WINDOWS\SYSTEM32\wintypes.dll
0x00007ffbeea90000 - 0x00007ffbeeb83000 	C:\WINDOWS\System32\SHCORE.dll
0x00007ffbedd10000 - 0x00007ffbedd36000 	C:\WINDOWS\SYSTEM32\profapi.dll
0x00007ffbb5870000 - 0x00007ffbb5888000 	C:\Program Files\Java\jdk-17.0.2\bin\zip.dll
0x00007ffbbcfe0000 - 0x00007ffbbcff9000 	C:\Program Files\Java\jdk-17.0.2\bin\net.dll
0x00007ffbe80e0000 - 0x00007ffbe8217000 	C:\WINDOWS\SYSTEM32\WINHTTP.dll
0x00007ffbed290000 - 0x00007ffbed2f9000 	C:\WINDOWS\system32\mswsock.dll
0x00007ffbb69e0000 - 0x00007ffbb69f6000 	C:\Program Files\Java\jdk-17.0.2\bin\nio.dll
0x00007ffbabe00000 - 0x00007ffbabe1a000 	C:\Program Files\JetBrains\IntelliJ IDEA Community Edition 2021.2.3\bin\breakgen64.dll
0x00007ffbbf520000 - 0x00007ffbbf530000 	C:\Program Files\Java\jdk-17.0.2\bin\verify.dll
0x00007ffbbf4f0000 - 0x00007ffbbf4f9000 	C:\Program Files\Java\jdk-17.0.2\bin\management.dll
0x00007ffbbed40000 - 0x00007ffbbed4b000 	C:\Program Files\Java\jdk-17.0.2\bin\management_ext.dll
0x00007ffbc5ab0000 - 0x00007ffbc5ac7000 	C:\WINDOWS\system32\napinsp.dll
0x00007ffbc5a90000 - 0x00007ffbc5aab000 	C:\WINDOWS\system32\pnrpnsp.dll
0x00007ffbec880000 - 0x00007ffbec979000 	C:\WINDOWS\SYSTEM32\DNSAPI.dll
0x00007ffbec810000 - 0x00007ffbec83d000 	C:\WINDOWS\SYSTEM32\IPHLPAPI.DLL
0x00007ffbefa80000 - 0x00007ffbefa89000 	C:\WINDOWS\System32\NSI.dll
0x00007ffbc58a0000 - 0x00007ffbc58b1000 	C:\WINDOWS\System32\winrnr.dll
0x00007ffbc5880000 - 0x00007ffbc5895000 	C:\WINDOWS\system32\wshbth.dll
0x00007ffbc5650000 - 0x00007ffbc5671000 	C:\WINDOWS\system32\nlansp_c.dll
0x00007ffbddb70000 - 0x00007ffbddb7a000 	C:\Windows\System32\rasadhlp.dll
0x00007ffbe6b60000 - 0x00007ffbe6be3000 	C:\WINDOWS\System32\fwpuclnt.dll
0x00007ffbed4d0000 - 0x00007ffbed4eb000 	C:\WINDOWS\SYSTEM32\CRYPTSP.dll
0x00007ffbecd00000 - 0x00007ffbecd35000 	C:\WINDOWS\system32\rsaenh.dll
0x00007ffbed350000 - 0x00007ffbed37c000 	C:\WINDOWS\SYSTEM32\USERENV.dll
0x00007ffbed770000 - 0x00007ffbed798000 	C:\WINDOWS\SYSTEM32\bcrypt.dll
0x00007ffbed4c0000 - 0x00007ffbed4cc000 	C:\WINDOWS\SYSTEM32\CRYPTBASE.dll
0x00007ffbe85c0000 - 0x00007ffbe85d9000 	C:\WINDOWS\SYSTEM32\dhcpcsvc6.DLL
0x00007ffbe7d70000 - 0x00007ffbe7d8f000 	C:\WINDOWS\SYSTEM32\dhcpcsvc.DLL
0x00007ffbbd630000 - 0x00007ffbbd63e000 	C:\Program Files\Java\jdk-17.0.2\bin\sunmscapi.dll
0x00007ffbee010000 - 0x00007ffbee176000 	C:\WINDOWS\System32\CRYPT32.dll
0x00007ffbed740000 - 0x00007ffbed76d000 	C:\WINDOWS\SYSTEM32\ncrypt.dll
0x00007ffbed700000 - 0x00007ffbed737000 	C:\WINDOWS\SYSTEM32\NTASN1.dll
0x00007ffbd5420000 - 0x00007ffbd5428000 	C:\WINDOWS\system32\wshunix.dll

dbghelp: loaded successfully - version: 4.0.5 - missing functions: none
symbol engine: initialized successfully - sym options: 0x614 - pdb path: .;C:\Program Files\Java\jdk-17.0.2\bin;C:\WINDOWS\SYSTEM32;C:\WINDOWS\WinSxS\amd64_microsoft.windows.common-controls_6595b64144ccf1df_6.0.22621.2506_none_270c5ae97388e100;C:\Program Files\Java\jdk-17.0.2\bin\server;C:\Program Files\JetBrains\IntelliJ IDEA Community Edition 2021.2.3\bin

VM Arguments:
jvm_args: -javaagent:C:\Program Files\JetBrains\IntelliJ IDEA Community Edition 2021.2.3\lib\idea_rt.jar=57219:C:\Program Files\JetBrains\IntelliJ IDEA Community Edition 2021.2.3\bin -Dfile.encoding=UTF-8 
java_command: com.SmsPollar.SmsPollarApplication
java_class_path (initial): D:\yalamanchili\SmsPollar\target\classes;C:\Users\Lenovo\.m2\repository\org\springframework\boot\spring-boot-starter-web\2.7.17\spring-boot-starter-web-2.7.17.jar;C:\Users\Lenovo\.m2\repository\org\springframework\boot\spring-boot-starter\2.7.17\spring-boot-starter-2.7.17.jar;C:\Users\Lenovo\.m2\repository\org\springframework\boot\spring-boot\2.7.17\spring-boot-2.7.17.jar;C:\Users\Lenovo\.m2\repository\org\springframework\boot\spring-boot-autoconfigure\2.7.17\spring-boot-autoconfigure-2.7.17.jar;C:\Users\Lenovo\.m2\repository\jakarta\annotation\jakarta.annotation-api\1.3.5\jakarta.annotation-api-1.3.5.jar;C:\Users\Lenovo\.m2\repository\org\yaml\snakeyaml\1.30\snakeyaml-1.30.jar;C:\Users\Lenovo\.m2\repository\org\springframework\boot\spring-boot-starter-json\2.7.17\spring-boot-starter-json-2.7.17.jar;C:\Users\Lenovo\.m2\repository\com\fasterxml\jackson\core\jackson-databind\2.13.5\jackson-databind-2.13.5.jar;C:\Users\Lenovo\.m2\repository\com\fasterxml\jackson\core\jackson-annotations\2.13.5\jackson-annotations-2.13.5.jar;C:\Users\Lenovo\.m2\repository\com\fasterxml\jackson\core\jackson-core\2.13.5\jackson-core-2.13.5.jar;C:\Users\Lenovo\.m2\repository\com\fasterxml\jackson\datatype\jackson-datatype-jdk8\2.13.5\jackson-datatype-jdk8-2.13.5.jar;C:\Users\Lenovo\.m2\repository\com\fasterxml\jackson\datatype\jackson-datatype-jsr310\2.13.5\jackson-datatype-jsr310-2.13.5.jar;C:\Users\Lenovo\.m2\repository\com\fasterxml\jackson\module\jackson-module-parameter-names\2.13.5\jackson-module-parameter-names-2.13.5.jar;C:\Users\Lenovo\.m2\repository\org\springframework\boot\spring-boot-starter-tomcat\2.7.17\spring-boot-starter-tomcat-2.7.17.jar;C:\Users\Lenovo\.m2\repository\org\apache\tomcat\embed\tomcat-embed-core\9.0.82\tomcat-embed-core-9.0.82.jar;C:\Users\Lenovo\.m2\repository\org\apache\tomcat\embed\tomcat-embed-el\9.0.82\tomcat-embed-el-9.0.82.jar;C:\Users\Lenovo\.m2\repository\org\apache\tomcat\embed\tomcat-embed-websocket\9.0.82\tomcat-embed-
Launcher Type: SUN_STANDARD

[Global flags]
     intx CICompilerCount                          = 4                                         {product} {ergonomic}
     uint ConcGCThreads                            = 3                                         {product} {ergonomic}
     uint G1ConcRefinementThreads                  = 10                                        {product} {ergonomic}
   size_t G1HeapRegionSize                         = 1048576                                   {product} {ergonomic}
    uintx GCDrainStackTargetSize                   = 64                                        {product} {ergonomic}
   size_t InitialHeapSize                          = 132120576                                 {product} {ergonomic}
   size_t MarkStackSize                            = 4194304                                   {product} {ergonomic}
   size_t MaxHeapSize                              = 2113929216                                {product} {ergonomic}
   size_t MaxNewSize                               = 1267728384                                {product} {ergonomic}
   size_t MinHeapDeltaBytes                        = 1048576                                   {product} {ergonomic}
   size_t MinHeapSize                              = 8388608                                   {product} {ergonomic}
    uintx NonNMethodCodeHeapSize                   = 5839372                                {pd product} {ergonomic}
    uintx NonProfiledCodeHeapSize                  = 122909434                              {pd product} {ergonomic}
    uintx ProfiledCodeHeapSize                     = 122909434                              {pd product} {ergonomic}
    uintx ReservedCodeCacheSize                    = 251658240                              {pd product} {ergonomic}
     bool SegmentedCodeCache                       = true                                      {product} {ergonomic}
   size_t SoftMaxHeapSize                          = 2113929216                             {manageable} {ergonomic}
     bool UseCompressedClassPointers               = true                           {product lp64_product} {ergonomic}
     bool UseCompressedOops                        = true                           {product lp64_product} {ergonomic}
     bool UseG1GC                                  = true                                      {product} {ergonomic}
     bool UseLargePagesIndividualAllocation        = false                                  {pd product} {ergonomic}

Logging:
Log output configuration:
 #0: stdout all=warning uptime,level,tags
 #1: stderr all=off uptime,level,tags

Environment Variables:
JAVA_HOME=C:\Program Files\Java\jdk-17.0.2
PATH=C:\Program Files\Eclipse Adoptium\jdk-8.0.382.5-hotspot\bin;C:\Program Files\Common Files\Oracle\Java\javapath;C:\Program Files (x86)\Common Files\Oracle\Java\javapath;C:\Windows\system32;C:\Windows;C:\Windows\System32\Wbem;C:\Windows\System32\WindowsPowerShell\v1.0\;C:\Windows\System32\OpenSSH\;C:\Program Files\NVIDIA Corporation\NVIDIA NvDLISR;C:\Program Files\Java\jdk-17.0.2\bin;C:\WINDOWS\system32;C:\WINDOWS;C:\WINDOWS\System32\Wbem;C:\WINDOWS\System32\WindowsPowerShell\v1.0\;C:\WINDOWS\System32\OpenSSH\;C:\Program Files\dotnet\;C:\Program Files\Microsoft SQL Server\130\Tools\Binn\;C:\Program Files\Microsoft SQL Server\Client SDK\ODBC\170\Tools\Binn\;C:\Program Files (x86)\NVIDIA Corporation\PhysX\Common;C:\Program Files\Git\cmd;C:\WINDOWS\system32;C:\WINDOWS;C:\WINDOWS\System32\Wbem;C:\WINDOWS\System32\WindowsPowerShell\v1.0\;C:\WINDOWS\System32\OpenSSH\;C:\Program Files\nodejs\;C:\Program Files\MySQL\MySQL Server 8.0\bin;;C:\Program Files\Docker\Docker\resources\bin;C:\Program Files\MySQL\MySQL Shell 8.0\bin\;C:\Users\Lenovo\AppData\Local\Microsoft\WindowsApps;C:\Users\Lenovo\.dotnet\tools;C:\Program Files\heroku\bin;C:\Users\Lenovo\AppData\Roaming\npm;C:\Users\Lenovo\AppData\Local\Programs\Microsoft VS Code\bin
USERNAME=Lenovo
OS=Windows_NT
PROCESSOR_IDENTIFIER=AMD64 Family 23 Model 96 Stepping 1, AuthenticAMD



---------------  S Y S T E M  ---------------

OS:
 Windows 11 , 64 bit Build 22621 (10.0.22621.2506)
OS uptime: 0 days 15:43 hours
Hyper-V role detected

CPU: total 12 (initial active 12) (12 cores per cpu, 2 threads per core) family 23 model 96 stepping 1 microcode 0x0, cx8, cmov, fxsr, ht, mmx, 3dnowpref, sse, sse2, sse3, ssse3, sse4a, sse4.1, sse4.2, popcnt, lzcnt, tsc, tscinvbit, avx, avx2, aes, clmul, bmi1, bmi2, adx, sha, fma, vzeroupper, clflush, clflushopt, hv

Memory: 4k page, system-wide physical 8061M (212M free)
TotalPageFile size 29370M (AvailPageFile size 2M)
current process WorkingSet (physical memory assigned to process): 277M, peak: 301M
current process commit charge ("private bytes"): 316M, peak: 339M

vm_info: Java HotSpot(TM) 64-Bit Server VM (17.0.2+8-LTS-86) for windows-amd64 JRE (17.0.2+8-LTS-86), built on Dec  7 2021 21:51:03 by "mach5one" with MS VC++ 16.8 / 16.9 (VS2019)

END.
